<?xml version="1.0" encoding="UTF-8"?>
<!-- Generated by org.testng.reporters.JUnitXMLReporter -->
<testsuite hostname="Sameer" name="Selenium TestNG - 1" tests="4" failures="0" timestamp="3 Dec 2016 15:01:44 GMT" time="51.457" errors="0">
  <testcase name="testCases" time="36.753" classname="com.core.mysuite.TestCaseExecutor"/>
  <testcase name="testCases" time="14.475" classname="com.core.mysuite.TestCaseExecutor"/>
  <testcase name="testCases" time="0.011" classname="com.core.mysuite.TestCaseExecutor">
    <skipped/>
  </testcase> <!-- testCases -->
  <testcase name="testCases" time="0.01" classname="com.core.mysuite.TestCaseExecutor">
    <skipped/>
  </testcase> <!-- testCases -->
</testsuite> <!-- Selenium TestNG - 1 -->
