<?xml version="1.0" encoding="UTF-8"?>
<!-- Generated by org.testng.reporters.JUnitXMLReporter -->
<testsuite hostname="Sameer" name="Selenium TestNG - 1" tests="1" failures="1" timestamp="27 Nov 2016 09:37:38 GMT" time="0.101" errors="0">
  <testcase name="login" time="0.009" classname="com.core.mysuite.MyTestCase">
    <failure type="java.lang.NullPointerException">
      <![CDATA[java.lang.NullPointerException
	at com.core.mysuite.MyTestCase.login(MyTestCase.java:31)
... Removed 24 stack frames]]>
    </failure>
  </testcase> <!-- login -->
</testsuite> <!-- Selenium TestNG - 1 -->
